Unity Editor version:    2021.3.0f1 (6eacc8284459)
Branch:                  2021.3/staging
Build type:              Release
Batch mode:              YES
macOS version:           Version 12.5.1 (Build 21G83)
Darwin version:          21.6.0
Architecture:            arm64
Running under Rosetta:   NO
Available memory:        16384 MB
Using pre-set license
Pro License: YES

COMMAND LINE ARGUMENTS:
/Users/brandoncollings/Documents/Unity Projects/2021.3.0f1/Unity.app/Contents/MacOS/Unity
-adb2
-batchMode
-noUpm
-name
AssetImportWorker0
-projectPath
/Users/brandoncollings/Documents/Unity Projects/360 Viewer
-logFile
Logs/AssetImportWorker0.log
-srvPort
56931
Successfully changed project path to: /Users/brandoncollings/Documents/Unity Projects/360 Viewer
/Users/brandoncollings/Documents/Unity Projects/360 Viewer
[UnityMemory] Configuration Parameters - Can be set up in boot.config
    "memorysetup-bucket-allocator-granularity=16"
    "memorysetup-bucket-allocator-bucket-count=8"
    "memorysetup-bucket-allocator-block-size=33554432"
    "memorysetup-bucket-allocator-block-count=8"
    "memorysetup-main-allocator-block-size=16777216"
    "memorysetup-thread-allocator-block-size=16777216"
    "memorysetup-gfx-main-allocator-block-size=16777216"
    "memorysetup-gfx-thread-allocator-block-size=16777216"
    "memorysetup-cache-allocator-block-size=4194304"
    "memorysetup-typetree-allocator-block-size=2097152"
    "memorysetup-profiler-bucket-allocator-granularity=16"
    "memorysetup-profiler-bucket-allocator-bucket-count=8"
    "memorysetup-profiler-bucket-allocator-block-size=33554432"
    "memorysetup-profiler-bucket-allocator-block-count=8"
    "memorysetup-profiler-allocator-block-size=16777216"
    "memorysetup-profiler-editor-allocator-block-size=1048576"
    "memorysetup-temp-allocator-size-main=16777216"
    "memorysetup-job-temp-allocator-block-size=2097152"
    "memorysetup-job-temp-allocator-block-size-background=1048576"
    "memorysetup-job-temp-allocator-reduction-small-platforms=262144"
    "memorysetup-temp-allocator-size-background-worker=32768"
    "memorysetup-temp-allocator-size-job-worker=262144"
    "memorysetup-temp-allocator-size-preload-manager=33554432"
    "memorysetup-temp-allocator-size-nav-mesh-worker=65536"
    "memorysetup-temp-allocator-size-audio-worker=65536"
    "memorysetup-temp-allocator-size-cloud-worker=32768"
    "memorysetup-temp-allocator-size-gi-baking-worker=262144"
    "memorysetup-temp-allocator-size-gfx=262144"
Refreshing native plugins compatible for Editor in 79.28 ms, found 3 plugins.
Preloading 1 native plugins for Editor in 3.54 ms.
Initialize engine version: 2021.3.0f1 (6eacc8284459)
[Subsystems] Discovering subsystems at path /Users/brandoncollings/Documents/Unity Projects/2021.3.0f1/Unity.app/Contents/Resources/UnitySubsystems
[Subsystems] Discovering subsystems at path /Users/brandoncollings/Documents/Unity Projects/360 Viewer/Assets
GfxDevice: creating device client; threaded=0; jobified=0
 preferred device: Apple M1 (high power)
Metal devices available: 1
0: Apple M1 (high power)
Using device Apple M1 (high power)
Initializing Metal device caps: Apple M1
Initialize mono
Mono path[0] = '/Users/brandoncollings/Documents/Unity Projects/2021.3.0f1/Unity.app/Contents/Managed'
Mono path[1] = '/Users/brandoncollings/Documents/Unity Projects/2021.3.0f1/Unity.app/Contents/MonoBleedingEdge/lib/mono/unityjit-macos'
Mono config path = '/Users/brandoncollings/Documents/Unity Projects/2021.3.0f1/Unity.app/Contents/MonoBleedingEdge/etc'
Using monoOptions --debugger-agent=transport=dt_socket,embedding=1,server=y,suspend=n,address=127.0.0.1:56466
Begin MonoManager ReloadAssembly
Registering precompiled unity dll's ...
Register platform support module: /Users/brandoncollings/Documents/Unity Projects/2021.3.0f1/Unity.app/Contents/PlaybackEngines/MacStandaloneSupport/UnityEditor.OSXStandalone.Extensions.dll
Register platform support module: /Users/brandoncollings/Documents/Unity Projects/2021.3.0f1/PlaybackEngines/iOSSupport/UnityEditor.iOS.Extensions.dll
Register platform support module: /Users/brandoncollings/Documents/Unity Projects/2021.3.0f1/PlaybackEngines/WindowsStandaloneSupport/UnityEditor.WindowsStandalone.Extensions.dll
Registered in 0.002064 seconds.
Native extension for WindowsStandalone target not found
[usbmuxd] Start listen thread
[usbmuxd] Listen thread started
[usbmuxd] Send listen message
Native extension for iOS target not found
Native extension for OSXStandalone target not found
Refreshing native plugins compatible for Editor in 74.58 ms, found 3 plugins.
Preloading 1 native plugins for Editor in 0.17 ms.
Mono: successfully reloaded assembly
- Completed reload, in  0.420 seconds
Domain Reload Profiling:
	ReloadAssembly (421ms)
		BeginReloadAssembly (56ms)
			ExecutionOrderSort (0ms)
			DisableScriptedObjects (0ms)
			BackupInstance (0ms)
			ReleaseScriptingObjects (0ms)
			CreateAndSetChildDomain (0ms)
		EndReloadAssembly (301ms)
			LoadAssemblies (57ms)
			RebuildTransferFunctionScriptingTraits (0ms)
			SetupTypeCache (65ms)
			ReleaseScriptCaches (0ms)
			RebuildScriptCaches (17ms)
			SetupLoadedEditorAssemblies (193ms)
				LogAssemblyErrors (0ms)
				InitializePlatformSupportModulesInManaged (31ms)
				SetLoadedEditorAssemblies (0ms)
				RefreshPlugins (75ms)
				BeforeProcessingInitializeOnLoad (1ms)
				ProcessInitializeOnLoadAttributes (65ms)
				ProcessInitializeOnLoadMethodAttributes (21ms)
				AfterProcessingInitializeOnLoad (0ms)
				EditorAssembliesLoaded (0ms)
			ExecutionOrderSort2 (0ms)
			AwakeInstancesAfterBackupRestoration (0ms)
Platform modules already initialized, skipping
Registering precompiled user dll's ...
Registered in 0.004481 seconds.
Begin MonoManager ReloadAssembly
Symbol file LoadedFromMemory doesn't match image /Users/brandoncollings/Documents/Unity Projects/360 Viewer/Library/PackageCache/com.unity.visualscripting@1.7.6/Editor/VisualScripting.Core/Dependencies/DotNetZip/Unity.VisualScripting.IonicZip.dll
Symbol file LoadedFromMemory doesn't match image /Users/brandoncollings/Documents/Unity Projects/360 Viewer/Library/PackageCache/com.unity.visualscripting@1.7.6/Editor/VisualScripting.Core/Dependencies/YamlDotNet/Unity.VisualScripting.YamlDotNet.dll
Symbol file LoadedFromMemory is not a mono symbol file
Native extension for WindowsStandalone target not found
Native extension for iOS target not found
Native extension for OSXStandalone target not found
Refreshing native plugins compatible for Editor in 76.43 ms, found 3 plugins.
Preloading 1 native plugins for Editor in 0.21 ms.
Package Manager log level set to [2]
Mono: successfully reloaded assembly
- Completed reload, in  0.744 seconds
Domain Reload Profiling:
	ReloadAssembly (745ms)
		BeginReloadAssembly (50ms)
			ExecutionOrderSort (0ms)
			DisableScriptedObjects (3ms)
			BackupInstance (0ms)
			ReleaseScriptingObjects (0ms)
			CreateAndSetChildDomain (12ms)
		EndReloadAssembly (626ms)
			LoadAssemblies (78ms)
			RebuildTransferFunctionScriptingTraits (0ms)
			SetupTypeCache (174ms)
			ReleaseScriptCaches (0ms)
			RebuildScriptCaches (36ms)
			SetupLoadedEditorAssemblies (305ms)
				LogAssemblyErrors (0ms)
				InitializePlatformSupportModulesInManaged (12ms)
				SetLoadedEditorAssemblies (0ms)
				RefreshPlugins (77ms)
				BeforeProcessingInitializeOnLoad (57ms)
				ProcessInitializeOnLoadAttributes (144ms)
				ProcessInitializeOnLoadMethodAttributes (16ms)
				AfterProcessingInitializeOnLoad (1ms)
				EditorAssembliesLoaded (0ms)
			ExecutionOrderSort2 (0ms)
			AwakeInstancesAfterBackupRestoration (2ms)
Platform modules already initialized, skipping
========================================================================
Worker process is ready to serve import requests
Launching external process: /Users/brandoncollings/Documents/Unity Projects/2021.3.0f1/Unity.app/Contents/Tools/UnityShaderCompiler
Launched and connected shader compiler UnityShaderCompiler after 0.05 seconds
Refreshing native plugins compatible for Editor in 0.57 ms, found 3 plugins.
Preloading 1 native plugins for Editor in 0.20 ms.
Unloading 3968 Unused Serialized files (Serialized files now loaded: 0)
Unloading 45 unused Assets / (96.7 KB). Loaded Objects now: 4416.
Memory consumption went from 257.8 MB to 257.7 MB.
Total: 2.381209 ms (FindLiveObjects: 0.116500 ms CreateObjectMapping: 0.048958 ms MarkObjects: 2.141250 ms  DeleteObjects: 0.073875 ms)

AssetImportParameters requested are different than current active one (requested -> active):
  custom:video-decoder-ogg-theora: a1e56fd34408186e4bbccfd4996cb3dc -> 
  custom:container-muxer-webm: aa71ff27fc2769a1b78a27578f13a17b -> 
  custom:container-demuxer-webm: 4f35f7cbe854078d1ac9338744f61a02 -> 
  custom:video-encoder-webm-vp8: eb34c28f22e8b96e1ab97ce403110664 -> 
  custom:framework-osx-AVFoundation: e770b220cccbd017edd2c1fefb359320 -> 
  custom:audio-encoder-webm-vorbis: bf7c407c2cedff20999df2af8eb42d56 -> 
  custom:container-demuxer-ogg: 62fdf1f143b41e24485cea50d1cbac27 -> 
  custom:video-decoder-webm-vp8: 9c59270c3fd7afecdb556c50c9e8de78 -> 
  custom:audio-decoder-ogg-vorbis: bf7c407c2cedff20999df2af8eb42d56 -> 
========================================================================
Received Import Request.
  Time since last request: 1515387.836123 seconds.
  path: Assets/pause-button-svgrepo-com.svg
  artifactKey: Guid(3ed833f0f352e494791aa1ca84a18151) Importer(815301076,1909f56bfc062723c751e8b465ee728b)
Start importing Assets/pause-button-svgrepo-com.svg using Guid(3ed833f0f352e494791aa1ca84a18151) Importer(815301076,1909f56bfc062723c751e8b465ee728b)  -> (artifact id: 'b3838b74870d31c03cb79286aa795e52') in 0.068241 seconds 
========================================================================
Received Import Request.
  Time since last request: 14.782350 seconds.
  path: Assets
  artifactKey: Guid(00000000000000001000000000000000) Importer(815301076,1909f56bfc062723c751e8b465ee728b)
Start importing Assets using Guid(00000000000000001000000000000000) Importer(815301076,1909f56bfc062723c751e8b465ee728b)  -> (artifact id: '79842766b460edbeab6a34051e857a80') in 0.000563 seconds 
========================================================================
Received Import Request.
  Time since last request: 88.897228 seconds.
  path: Assets/play-button-svgrepo-com(1).png
  artifactKey: Guid(d1fb450beef374de2bed48194e7e250d) Importer(815301076,1909f56bfc062723c751e8b465ee728b)
Start importing Assets/play-button-svgrepo-com(1).png using Guid(d1fb450beef374de2bed48194e7e250d) Importer(815301076,1909f56bfc062723c751e8b465ee728b)  -> (artifact id: 'fd9662aefda23f3f402c24c206eed2ec') in 0.352763 seconds 
========================================================================
Received Import Request.
  Time since last request: 0.000057 seconds.
  path: Assets/stop-button-svgrepo-com.png
  artifactKey: Guid(9936d2bded6244782901a7bd1a6a8238) Importer(815301076,1909f56bfc062723c751e8b465ee728b)
Start importing Assets/stop-button-svgrepo-com.png using Guid(9936d2bded6244782901a7bd1a6a8238) Importer(815301076,1909f56bfc062723c751e8b465ee728b)  -> (artifact id: '70ceb47c5c97e758cd0a6f2ebc55e1c5') in 0.011124 seconds 
========================================================================
Received Import Request.
  Time since last request: 96.834992 seconds.
  path: Assets/play-button-svgrepo-com(1).png
  artifactKey: Guid(d1fb450beef374de2bed48194e7e250d) Importer(815301076,1909f56bfc062723c751e8b465ee728b)
Start importing Assets/play-button-svgrepo-com(1).png using Guid(d1fb450beef374de2bed48194e7e250d) Importer(815301076,1909f56bfc062723c751e8b465ee728b)  -> (artifact id: '1c0357c47136742b7801441f9df8ff7b') in 0.041010 seconds 
========================================================================
Received Import Request.
  Time since last request: 6.397816 seconds.
  path: Assets/pause-button-svgrepo-com.png
  artifactKey: Guid(85ed00c071bc744debe98c7d9034552f) Importer(815301076,1909f56bfc062723c751e8b465ee728b)
Start importing Assets/pause-button-svgrepo-com.png using Guid(85ed00c071bc744debe98c7d9034552f) Importer(815301076,1909f56bfc062723c751e8b465ee728b)  -> (artifact id: '1c13a2d13405fa88e551b4e1c98e7984') in 0.014942 seconds 
========================================================================
Received Import Request.
  Time since last request: 6.218613 seconds.
  path: Assets/stop-button-svgrepo-com.png
  artifactKey: Guid(9936d2bded6244782901a7bd1a6a8238) Importer(815301076,1909f56bfc062723c751e8b465ee728b)
Start importing Assets/stop-button-svgrepo-com.png using Guid(9936d2bded6244782901a7bd1a6a8238) Importer(815301076,1909f56bfc062723c751e8b465ee728b)  -> (artifact id: '40547daaf12ad8ad334048254df0140e') in 0.014180 seconds 
